# JRE version: Java(TM) SE Runtime Environment (8.0_51-b16) (build 1.8.0_51-b16)
# Java VM: Java HotSpot(TM) 64-Bit Server VM (25.51-b03 mixed mode windows-amd64 compressed oops)
Heap:
 PSYoungGen      total 235520K, used 11765K [0x00000000eb600000, 0x00000000fad00000, 0x0000000100000000)
  eden space 223744K, 0% used [0x00000000eb600000,0x00000000eb600000,0x00000000f9080000)
  from space 11776K, 99% used [0x00000000f9c80000,0x00000000fa7fd6d8,0x00000000fa800000)
  to   space 12288K, 0% used [0x00000000f9080000,0x00000000f9080000,0x00000000f9c80000)
 ParOldGen       total 65536K, used 42517K [0x00000000c2200000, 0x00000000c6200000, 0x00000000eb600000)
  object space 65536K, 64% used [0x00000000c2200000,0x00000000c4b85778,0x00000000c6200000)
 Metaspace       used 56484K, capacity 57076K, committed 57216K, reserved 1103872K
  class space    used 7122K, capacity 7289K, committed 7296K, reserved 1048576K
GC Heap History (10 events):
Event: 19.686 GC heap before
{Heap before GC invocations=11 (full 1):
 PSYoungGen      total 135168K, used 133544K [0x00000000eb600000, 0x00000000f6f80000, 0x0000000100000000)
  eden space 125952K, 100% used [0x00000000eb600000,0x00000000f3100000,0x00000000f3100000)
  from space 9216K, 82% used [0x00000000f3100000,0x00000000f386a058,0x00000000f3a00000)
  to   space 9728K, 0% used [0x00000000f6600000,0x00000000f6600000,0x00000000f6f80000)
 ParOldGen       total 39936K, used 11877K [0x00000000c2200000, 0x00000000c4900000, 0x00000000eb600000)
  object space 39936K, 29% used [0x00000000c2200000,0x00000000c2d997f0,0x00000000c4900000)
 Metaspace       used 28957K, capacity 29296K, committed 29568K, reserved 1075200K
  class space    used 3636K, capacity 3699K, committed 3712K, reserved 1048576K
Event: 19.785 GC heap after
Heap after GC invocations=11 (full 1):
 PSYoungGen      total 179200K, used 9722K [0x00000000eb600000, 0x00000000f7080000, 0x0000000100000000)
  eden space 169472K, 0% used [0x00000000eb600000,0x00000000eb600000,0x00000000f5b80000)
  from space 9728K, 99% used [0x00000000f6600000,0x00000000f6f7e9a0,0x00000000f6f80000)
  to   space 10752K, 0% used [0x00000000f5b80000,0x00000000f5b80000,0x00000000f6600000)
 ParOldGen       total 39936K, used 12474K [0x00000000c2200000, 0x00000000c4900000, 0x00000000eb600000)
  object space 39936K, 31% used [0x00000000c2200000,0x00000000c2e2e8f8,0x00000000c4900000)
 Metaspace       used 28957K, capacity 29296K, committed 29568K, reserved 1075200K
  class space    used 3636K, capacity 3699K, committed 3712K, reserved 1048576K
}
Event: 24.932 GC heap before
{Heap before GC invocations=12 (full 1):
 PSYoungGen      total 179200K, used 179194K [0x00000000eb600000, 0x00000000f7080000, 0x0000000100000000)
  eden space 169472K, 100% used [0x00000000eb600000,0x00000000f5b80000,0x00000000f5b80000)
  from space 9728K, 99% used [0x00000000f6600000,0x00000000f6f7e9a0,0x00000000f6f80000)
  to   space 10752K, 0% used [0x00000000f5b80000,0x00000000f5b80000,0x00000000f6600000)
 ParOldGen       total 39936K, used 12474K [0x00000000c2200000, 0x00000000c4900000, 0x00000000eb600000)
  object space 39936K, 31% used [0x00000000c2200000,0x00000000c2e2e8f8,0x00000000c4900000)
 Metaspace       used 33659K, capacity 33946K, committed 34304K, reserved 1079296K
  class space    used 4218K, capacity 4266K, committed 4352K, reserved 1048576K
Event: 24.992 GC heap after
Heap after GC invocations=12 (full 1):
 PSYoungGen      total 180224K, used 9644K [0x00000000eb600000, 0x00000000fa800000, 0x0000000100000000)
  eden space 169472K, 0% used [0x00000000eb600000,0x00000000eb600000,0x00000000f5b80000)
  from space 10752K, 89% used [0x00000000f5b80000,0x00000000f64eb340,0x00000000f6600000)
  to   space 11776K, 0% used [0x00000000f9c80000,0x00000000f9c80000,0x00000000fa800000)
 ParOldGen       total 39936K, used 18092K [0x00000000c2200000, 0x00000000c4900000, 0x00000000eb600000)
  object space 39936K, 45% used [0x00000000c2200000,0x00000000c33ab0f0,0x00000000c4900000)
 Metaspace       used 33659K, capacity 33946K, committed 34304K, reserved 1079296K
  class space    used 4218K, capacity 4266K, committed 4352K, reserved 1048576K
}
Event: 27.124 GC heap before
{Heap before GC invocations=13 (full 1):
 PSYoungGen      total 180224K, used 25619K [0x00000000eb600000, 0x00000000fa800000, 0x0000000100000000)
  eden space 169472K, 9% used [0x00000000eb600000,0x00000000ec599c68,0x00000000f5b80000)
  from space 10752K, 89% used [0x00000000f5b80000,0x00000000f64eb340,0x00000000f6600000)
  to   space 11776K, 0% used [0x00000000f9c80000,0x00000000f9c80000,0x00000000fa800000)
 ParOldGen       total 39936K, used 18092K [0x00000000c2200000, 0x00000000c4900000, 0x00000000eb600000)
  object space 39936K, 45% used [0x00000000c2200000,0x00000000c33ab0f0,0x00000000c4900000)
 Metaspace       used 34886K, capacity 35206K, committed 35456K, reserved 1081344K
  class space    used 4348K, capacity 4428K, committed 4480K, reserved 1048576K
Event: 27.201 GC heap after
Heap after GC invocations=13 (full 1):
 PSYoungGen      total 235520K, used 1950K [0x00000000eb600000, 0x00000000fad00000, 0x0000000100000000)
  eden space 223744K, 0% used [0x00000000eb600000,0x00000000eb600000,0x00000000f9080000)
  from space 11776K, 16% used [0x00000000f9c80000,0x00000000f9e67808,0x00000000fa800000)
  to   space 12288K, 0% used [0x00000000f9080000,0x00000000f9080000,0x00000000f9c80000)
 ParOldGen       total 39936K, used 24418K [0x00000000c2200000, 0x00000000c4900000, 0x00000000eb600000)
  object space 39936K, 61% used [0x00000000c2200000,0x00000000c39d88f0,0x00000000c4900000)
 Metaspace       used 34886K, capacity 35206K, committed 35456K, reserved 1081344K
  class space    used 4348K, capacity 4428K, committed 4480K, reserved 1048576K
}
Event: 27.202 GC heap before
{Heap before GC invocations=14 (full 2):
 PSYoungGen      total 235520K, used 1950K [0x00000000eb600000, 0x00000000fad00000, 0x0000000100000000)
  eden space 223744K, 0% used [0x00000000eb600000,0x00000000eb600000,0x00000000f9080000)
  from space 11776K, 16% used [0x00000000f9c80000,0x00000000f9e67808,0x00000000fa800000)
  to   space 12288K, 0% used [0x00000000f9080000,0x00000000f9080000,0x00000000f9c80000)
 ParOldGen       total 39936K, used 24418K [0x00000000c2200000, 0x00000000c4900000, 0x00000000eb600000)
  object space 39936K, 61% used [0x00000000c2200000,0x00000000c39d88f0,0x00000000c4900000)
 Metaspace       used 34886K, capacity 35206K, committed 35456K, reserved 1081344K
  class space    used 4348K, capacity 4428K, committed 4480K, reserved 1048576K
Event: 27.800 GC heap after
Heap after GC invocations=14 (full 2):
 PSYoungGen      total 235520K, used 0K [0x00000000eb600000, 0x00000000fad00000, 0x0000000100000000)
  eden space 223744K, 0% used [0x00000000eb600000,0x00000000eb600000,0x00000000f9080000)
  from space 11776K, 0% used [0x00000000f9c80000,0x00000000f9c80000,0x00000000fa800000)
  to   space 12288K, 0% used [0x00000000f9080000,0x00000000f9080000,0x00000000f9c80000)
 ParOldGen       total 65536K, used 22972K [0x00000000c2200000, 0x00000000c6200000, 0x00000000eb600000)
  object space 65536K, 35% used [0x00000000c2200000,0x00000000c386f190,0x00000000c6200000)
 Metaspace       used 34886K, capacity 35206K, committed 35456K, reserved 1081344K
  class space    used 4348K, capacity 4428K, committed 4480K, reserved 1048576K
}
Event: 38.590 GC heap before
{Heap before GC invocations=15 (full 2):
 PSYoungGen      total 235520K, used 223744K [0x00000000eb600000, 0x00000000fad00000, 0x0000000100000000)
  eden space 223744K, 100% used [0x00000000eb600000,0x00000000f9080000,0x00000000f9080000)
  from space 11776K, 0% used [0x00000000f9c80000,0x00000000f9c80000,0x00000000fa800000)
  to   space 12288K, 0% used [0x00000000f9080000,0x00000000f9080000,0x00000000f9c80000)
 ParOldGen       total 65536K, used 22972K [0x00000000c2200000, 0x00000000c6200000, 0x00000000eb600000)
  object space 65536K, 35% used [0x00000000c2200000,0x00000000c386f190,0x00000000c6200000)
 Metaspace       used 48502K, capacity 49094K, committed 49408K, reserved 1091584K
  class space    used 6212K, capacity 6374K, committed 6400K, reserved 1048576K
Event: 38.729 GC heap after
Heap after GC invocations=15 (full 2):
 PSYoungGen      total 236032K, used 12272K [0x00000000eb600000, 0x00000000fad00000, 0x0000000100000000)
  eden space 223744K, 0% used [0x00000000eb600000,0x00000000eb600000,0x00000000f9080000)
  from space 12288K, 99% used [0x00000000f9080000,0x00000000f9c7c140,0x00000000f9c80000)
  to   space 11776K, 0% used [0x00000000f9c80000,0x00000000f9c80000,0x00000000fa800000)
 ParOldGen       total 65536K, used 30633K [0x00000000c2200000, 0x00000000c6200000, 0x00000000eb600000)
  object space 65536K, 46% used [0x00000000c2200000,0x00000000c3fea7f0,0x00000000c6200000)
 Metaspace       used 48502K, capacity 49094K, committed 49408K, reserved 1091584K
  class space    used 6212K, capacity 6374K, committed 6400K, reserved 1048576K
}

